<?xml version="1.0" encoding="UTF-8"?>
<!-- Generated by org.testng.reporters.JUnitXMLReporter -->
<testsuite ignored="0" hostname="SREEKAR" failures="4" tests="4" name="Surefire test" time="0.548" errors="0" timestamp="2026-04-21T18:45:20 IST">
  <testcase classname="tests.FtdMainframeTest" name="TC001_ValidLogin" time="0.168">
    <failure type="com.hp.lft.sdk.GeneralReplayException" message="Attempted to read or write protected memory. This is often an indication that other memory is corrupt.">
      <![CDATA[com.hp.lft.sdk.GeneralReplayException: Attempted to read or write protected memory. This is often an indication that other memory is corrupt.
at com.hp.lft.sdk.internal.ReplayExceptionFactory$11.create(ReplayExceptionFactory.java:95)
at com.hp.lft.sdk.internal.ReplayExceptionFactory.createOrDefault(ReplayExceptionFactory.java:289)
at com.hp.lft.sdk.internal.ReplayExceptionFactory.createOrDefault(ReplayExceptionFactory.java:22)
at com.hp.lft.sdk.internal.TestObjectExecuterBehaviorBase$ReplayErrorHandler.onError(TestObjectExecuterBehaviorBase.java:65)
at com.hp.lft.sdk.internal.CommunicationClientImpl.handleError(CommunicationClientImpl.java:232)
at com.hp.lft.sdk.internal.CommunicationClientImpl.send(CommunicationClientImpl.java:100)
at com.hp.lft.sdk.internal.TestObjectExecuterBehavior.executeMethod(TestObjectExecuter.java:44)
at com.hp.lft.sdk.internal.TestObjectBase.executeMethod(TestObjectBase.java:131)
at com.hp.lft.sdk.internal.TestObjectBase$2.invoke(TestObjectBase.java:108)
at com.hp.lft.sdk.internal.TestObjectBase$2.invoke(TestObjectBase.java:105)
at com.hp.lft.sdk.internal.TestObjectOperationWrapper.executeWithEvents(TestObjectOperationWrapper.java:120)
at com.hp.lft.sdk.internal.TestObjectBase.exists(TestObjectBase.java:111)
at com.hp.lft.sdk.internal.TestObjectBase.waitUntilExists(TestObjectBase.java:435)
at libraries.TerminalHelper.waitForScreen(TerminalHelper.java:15)
at libraries.TerminalHelper.login(TerminalHelper.java:34)
at tests.FtdMainframeTest.TC001_ValidLogin(FtdMainframeTest.java:20)
at java.base/java.util.ArrayList.forEach(ArrayList.java:1511)
... Removed 32 stack frames]]>
    </failure>
  </testcase> <!-- TC001_ValidLogin -->
  <testcase classname="tests.FtdMainframeTest" name="TC002_InvalidLogin" time="0.025">
    <failure type="com.hp.lft.sdk.GeneralReplayException" message="Attempted to read or write protected memory. This is often an indication that other memory is corrupt.">
      <![CDATA[com.hp.lft.sdk.GeneralReplayException: Attempted to read or write protected memory. This is often an indication that other memory is corrupt.
at com.hp.lft.sdk.internal.ReplayExceptionFactory$11.create(ReplayExceptionFactory.java:95)
at com.hp.lft.sdk.internal.ReplayExceptionFactory.createOrDefault(ReplayExceptionFactory.java:289)
at com.hp.lft.sdk.internal.ReplayExceptionFactory.createOrDefault(ReplayExceptionFactory.java:22)
at com.hp.lft.sdk.internal.TestObjectExecuterBehaviorBase$ReplayErrorHandler.onError(TestObjectExecuterBehaviorBase.java:65)
at com.hp.lft.sdk.internal.CommunicationClientImpl.handleError(CommunicationClientImpl.java:232)
at com.hp.lft.sdk.internal.CommunicationClientImpl.send(CommunicationClientImpl.java:100)
at com.hp.lft.sdk.internal.TestObjectExecuterBehavior.executeMethod(TestObjectExecuter.java:44)
at com.hp.lft.sdk.internal.TestObjectBase.executeMethod(TestObjectBase.java:131)
at com.hp.lft.sdk.internal.TestObjectBase$2.invoke(TestObjectBase.java:108)
at com.hp.lft.sdk.internal.TestObjectBase$2.invoke(TestObjectBase.java:105)
at com.hp.lft.sdk.internal.TestObjectOperationWrapper.executeWithEvents(TestObjectOperationWrapper.java:120)
at com.hp.lft.sdk.internal.TestObjectBase.exists(TestObjectBase.java:111)
at com.hp.lft.sdk.internal.TestObjectBase.waitUntilExists(TestObjectBase.java:435)
at libraries.TerminalHelper.waitForScreen(TerminalHelper.java:15)
at libraries.TerminalHelper.login(TerminalHelper.java:34)
at tests.FtdMainframeTest.TC002_InvalidLogin(FtdMainframeTest.java:31)
at java.base/java.util.ArrayList.forEach(ArrayList.java:1511)
... Removed 32 stack frames]]>
    </failure>
  </testcase> <!-- TC002_InvalidLogin -->
  <testcase classname="tests.FtdMainframeTest" name="TC003_AccountInquiry" time="0.028">
    <failure type="com.hp.lft.sdk.GeneralReplayException" message="Attempted to read or write protected memory. This is often an indication that other memory is corrupt.">
      <![CDATA[com.hp.lft.sdk.GeneralReplayException: Attempted to read or write protected memory. This is often an indication that other memory is corrupt.
at com.hp.lft.sdk.internal.ReplayExceptionFactory$11.create(ReplayExceptionFactory.java:95)
at com.hp.lft.sdk.internal.ReplayExceptionFactory.createOrDefault(ReplayExceptionFactory.java:289)
at com.hp.lft.sdk.internal.ReplayExceptionFactory.createOrDefault(ReplayExceptionFactory.java:22)
at com.hp.lft.sdk.internal.TestObjectExecuterBehaviorBase$ReplayErrorHandler.onError(TestObjectExecuterBehaviorBase.java:65)
at com.hp.lft.sdk.internal.CommunicationClientImpl.handleError(CommunicationClientImpl.java:232)
at com.hp.lft.sdk.internal.CommunicationClientImpl.send(CommunicationClientImpl.java:100)
at com.hp.lft.sdk.internal.TestObjectExecuterBehavior.executeMethod(TestObjectExecuter.java:44)
at com.hp.lft.sdk.internal.TestObjectBase.executeMethod(TestObjectBase.java:131)
at com.hp.lft.sdk.internal.TestObjectBase$2.invoke(TestObjectBase.java:108)
at com.hp.lft.sdk.internal.TestObjectBase$2.invoke(TestObjectBase.java:105)
at com.hp.lft.sdk.internal.TestObjectOperationWrapper.executeWithEvents(TestObjectOperationWrapper.java:120)
at com.hp.lft.sdk.internal.TestObjectBase.exists(TestObjectBase.java:111)
at com.hp.lft.sdk.internal.TestObjectBase.waitUntilExists(TestObjectBase.java:435)
at libraries.TerminalHelper.waitForScreen(TerminalHelper.java:15)
at libraries.TerminalHelper.login(TerminalHelper.java:34)
at tests.FtdMainframeTest.TC003_AccountInquiry(FtdMainframeTest.java:45)
at java.base/java.util.ArrayList.forEach(ArrayList.java:1511)
... Removed 32 stack frames]]>
    </failure>
  </testcase> <!-- TC003_AccountInquiry -->
  <testcase classname="tests.FtdMainframeTest" name="TC005_FundsTransfer" time="0.043">
    <failure type="com.hp.lft.sdk.GeneralReplayException" message="Attempted to read or write protected memory. This is often an indication that other memory is corrupt.">
      <![CDATA[com.hp.lft.sdk.GeneralReplayException: Attempted to read or write protected memory. This is often an indication that other memory is corrupt.
at com.hp.lft.sdk.internal.ReplayExceptionFactory$11.create(ReplayExceptionFactory.java:95)
at com.hp.lft.sdk.internal.ReplayExceptionFactory.createOrDefault(ReplayExceptionFactory.java:289)
at com.hp.lft.sdk.internal.ReplayExceptionFactory.createOrDefault(ReplayExceptionFactory.java:22)
at com.hp.lft.sdk.internal.TestObjectExecuterBehaviorBase$ReplayErrorHandler.onError(TestObjectExecuterBehaviorBase.java:65)
at com.hp.lft.sdk.internal.CommunicationClientImpl.handleError(CommunicationClientImpl.java:232)
at com.hp.lft.sdk.internal.CommunicationClientImpl.send(CommunicationClientImpl.java:100)
at com.hp.lft.sdk.internal.TestObjectExecuterBehavior.executeMethod(TestObjectExecuter.java:44)
at com.hp.lft.sdk.internal.TestObjectBase.executeMethod(TestObjectBase.java:131)
at com.hp.lft.sdk.internal.TestObjectBase$2.invoke(TestObjectBase.java:108)
at com.hp.lft.sdk.internal.TestObjectBase$2.invoke(TestObjectBase.java:105)
at com.hp.lft.sdk.internal.TestObjectOperationWrapper.executeWithEvents(TestObjectOperationWrapper.java:120)
at com.hp.lft.sdk.internal.TestObjectBase.exists(TestObjectBase.java:111)
at com.hp.lft.sdk.internal.TestObjectBase.waitUntilExists(TestObjectBase.java:435)
at libraries.TerminalHelper.waitForScreen(TerminalHelper.java:15)
at libraries.TerminalHelper.login(TerminalHelper.java:34)
at tests.FtdMainframeTest.TC005_FundsTransfer(FtdMainframeTest.java:61)
at java.base/java.util.ArrayList.forEach(ArrayList.java:1511)
... Removed 32 stack frames]]>
    </failure>
  </testcase> <!-- TC005_FundsTransfer -->
</testsuite> <!-- Surefire test -->
