-------------------------------------------------------------------------------
Test set: TestSuite
-------------------------------------------------------------------------------
Tests run: 4, Failures: 4, Errors: 0, Skipped: 0, Time elapsed: 1.654 s <<< FAILURE! -- in TestSuite
tests.FtdMainframeTest.TC001_ValidLogin[TC001, Valid login to mainframe, BOAUSER1, P@ssword1, MAIN MENU](1) -- Time elapsed: 0.171 s <<< FAILURE!
com.hp.lft.sdk.GeneralReplayException: Attempted to read or write protected memory. This is often an indication that other memory is corrupt.
	at com.hp.lft.sdk.internal.ReplayExceptionFactory$11.create(ReplayExceptionFactory.java:95)
	at com.hp.lft.sdk.internal.ReplayExceptionFactory.createOrDefault(ReplayExceptionFactory.java:289)
	at com.hp.lft.sdk.internal.ReplayExceptionFactory.createOrDefault(ReplayExceptionFactory.java:22)
	at com.hp.lft.sdk.internal.TestObjectExecuterBehaviorBase$ReplayErrorHandler.onError(TestObjectExecuterBehaviorBase.java:65)
	at com.hp.lft.sdk.internal.CommunicationClientImpl.handleError(CommunicationClientImpl.java:232)
	at com.hp.lft.sdk.internal.CommunicationClientImpl.send(CommunicationClientImpl.java:100)
	at com.hp.lft.sdk.internal.TestObjectExecuterBehavior.executeMethod(TestObjectExecuter.java:44)
	at com.hp.lft.sdk.internal.TestObjectBase.executeMethod(TestObjectBase.java:131)
	at com.hp.lft.sdk.internal.TestObjectBase$2.invoke(TestObjectBase.java:108)
	at com.hp.lft.sdk.internal.TestObjectBase$2.invoke(TestObjectBase.java:105)
	at com.hp.lft.sdk.internal.TestObjectOperationWrapper.executeWithEvents(TestObjectOperationWrapper.java:120)
	at com.hp.lft.sdk.internal.TestObjectBase.exists(TestObjectBase.java:111)
	at com.hp.lft.sdk.internal.TestObjectBase.waitUntilExists(TestObjectBase.java:435)
	at libraries.TerminalHelper.waitForScreen(TerminalHelper.java:15)
	at libraries.TerminalHelper.login(TerminalHelper.java:34)
	at tests.FtdMainframeTest.TC001_ValidLogin(FtdMainframeTest.java:20)
	at java.base/jdk.internal.reflect.NativeMethodAccessorImpl.invoke0(Native Method)
	at java.base/jdk.internal.reflect.NativeMethodAccessorImpl.invoke(NativeMethodAccessorImpl.java:77)
	at java.base/jdk.internal.reflect.DelegatingMethodAccessorImpl.invoke(DelegatingMethodAccessorImpl.java:43)
	at java.base/java.lang.reflect.Method.invoke(Method.java:568)
	at org.testng.internal.invokers.MethodInvocationHelper.invokeMethod(MethodInvocationHelper.java:139)
	at org.testng.internal.invokers.TestInvoker.invokeMethod(TestInvoker.java:664)
	at org.testng.internal.invokers.TestInvoker.invokeTestMethod(TestInvoker.java:227)
	at org.testng.internal.invokers.MethodRunner.runInSequence(MethodRunner.java:50)
	at org.testng.internal.invokers.TestInvoker$MethodInvocationAgent.invoke(TestInvoker.java:957)
	at org.testng.internal.invokers.TestInvoker.invokeTestMethods(TestInvoker.java:200)
	at org.testng.internal.invokers.TestMethodWorker.invokeTestMethods(TestMethodWorker.java:148)
	at org.testng.internal.invokers.TestMethodWorker.run(TestMethodWorker.java:128)
	at java.base/java.util.ArrayList.forEach(ArrayList.java:1511)
	at org.testng.TestRunner.privateRun(TestRunner.java:848)
	at org.testng.TestRunner.run(TestRunner.java:621)
	at org.testng.SuiteRunner.runTest(SuiteRunner.java:443)
	at org.testng.SuiteRunner.runSequentially(SuiteRunner.java:437)
	at org.testng.SuiteRunner.privateRun(SuiteRunner.java:397)
	at org.testng.SuiteRunner.run(SuiteRunner.java:336)
	at org.testng.SuiteRunnerWorker.runSuite(SuiteRunnerWorker.java:52)
	at org.testng.SuiteRunnerWorker.run(SuiteRunnerWorker.java:95)
	at org.testng.TestNG.runSuitesSequentially(TestNG.java:1280)
	at org.testng.TestNG.runSuitesLocally(TestNG.java:1200)
	at org.testng.TestNG.runSuites(TestNG.java:1114)
	at org.testng.TestNG.run(TestNG.java:1082)
	at org.apache.maven.surefire.testng.TestNGExecutor.run(TestNGExecutor.java:155)
	at org.apache.maven.surefire.testng.TestNGDirectoryTestSuite.executeMulti(TestNGDirectoryTestSuite.java:169)
	at org.apache.maven.surefire.testng.TestNGDirectoryTestSuite.execute(TestNGDirectoryTestSuite.java:88)
	at org.apache.maven.surefire.testng.TestNGProvider.invoke(TestNGProvider.java:137)
	at org.apache.maven.surefire.booter.ForkedBooter.runSuitesInProcess(ForkedBooter.java:385)
	at org.apache.maven.surefire.booter.ForkedBooter.execute(ForkedBooter.java:162)
	at org.apache.maven.surefire.booter.ForkedBooter.run(ForkedBooter.java:507)
	at org.apache.maven.surefire.booter.ForkedBooter.main(ForkedBooter.java:495)

tests.FtdMainframeTest.TC002_InvalidLogin[TC002, Invalid login – wrong password, BOAUSER1, WRONGPWD, INVALID](1) -- Time elapsed: 0.026 s <<< FAILURE!
com.hp.lft.sdk.GeneralReplayException: Attempted to read or write protected memory. This is often an indication that other memory is corrupt.
	at com.hp.lft.sdk.internal.ReplayExceptionFactory$11.create(ReplayExceptionFactory.java:95)
	at com.hp.lft.sdk.internal.ReplayExceptionFactory.createOrDefault(ReplayExceptionFactory.java:289)
	at com.hp.lft.sdk.internal.ReplayExceptionFactory.createOrDefault(ReplayExceptionFactory.java:22)
	at com.hp.lft.sdk.internal.TestObjectExecuterBehaviorBase$ReplayErrorHandler.onError(TestObjectExecuterBehaviorBase.java:65)
	at com.hp.lft.sdk.internal.CommunicationClientImpl.handleError(CommunicationClientImpl.java:232)
	at com.hp.lft.sdk.internal.CommunicationClientImpl.send(CommunicationClientImpl.java:100)
	at com.hp.lft.sdk.internal.TestObjectExecuterBehavior.executeMethod(TestObjectExecuter.java:44)
	at com.hp.lft.sdk.internal.TestObjectBase.executeMethod(TestObjectBase.java:131)
	at com.hp.lft.sdk.internal.TestObjectBase$2.invoke(TestObjectBase.java:108)
	at com.hp.lft.sdk.internal.TestObjectBase$2.invoke(TestObjectBase.java:105)
	at com.hp.lft.sdk.internal.TestObjectOperationWrapper.executeWithEvents(TestObjectOperationWrapper.java:120)
	at com.hp.lft.sdk.internal.TestObjectBase.exists(TestObjectBase.java:111)
	at com.hp.lft.sdk.internal.TestObjectBase.waitUntilExists(TestObjectBase.java:435)
	at libraries.TerminalHelper.waitForScreen(TerminalHelper.java:15)
	at libraries.TerminalHelper.login(TerminalHelper.java:34)
	at tests.FtdMainframeTest.TC002_InvalidLogin(FtdMainframeTest.java:31)
	at java.base/jdk.internal.reflect.NativeMethodAccessorImpl.invoke0(Native Method)
	at java.base/jdk.internal.reflect.NativeMethodAccessorImpl.invoke(NativeMethodAccessorImpl.java:77)
	at java.base/jdk.internal.reflect.DelegatingMethodAccessorImpl.invoke(DelegatingMethodAccessorImpl.java:43)
	at java.base/java.lang.reflect.Method.invoke(Method.java:568)
	at org.testng.internal.invokers.MethodInvocationHelper.invokeMethod(MethodInvocationHelper.java:139)
	at org.testng.internal.invokers.TestInvoker.invokeMethod(TestInvoker.java:664)
	at org.testng.internal.invokers.TestInvoker.invokeTestMethod(TestInvoker.java:227)
	at org.testng.internal.invokers.MethodRunner.runInSequence(MethodRunner.java:50)
	at org.testng.internal.invokers.TestInvoker$MethodInvocationAgent.invoke(TestInvoker.java:957)
	at org.testng.internal.invokers.TestInvoker.invokeTestMethods(TestInvoker.java:200)
	at org.testng.internal.invokers.TestMethodWorker.invokeTestMethods(TestMethodWorker.java:148)
	at org.testng.internal.invokers.TestMethodWorker.run(TestMethodWorker.java:128)
	at java.base/java.util.ArrayList.forEach(ArrayList.java:1511)
	at org.testng.TestRunner.privateRun(TestRunner.java:848)
	at org.testng.TestRunner.run(TestRunner.java:621)
	at org.testng.SuiteRunner.runTest(SuiteRunner.java:443)
	at org.testng.SuiteRunner.runSequentially(SuiteRunner.java:437)
	at org.testng.SuiteRunner.privateRun(SuiteRunner.java:397)
	at org.testng.SuiteRunner.run(SuiteRunner.java:336)
	at org.testng.SuiteRunnerWorker.runSuite(SuiteRunnerWorker.java:52)
	at org.testng.SuiteRunnerWorker.run(SuiteRunnerWorker.java:95)
	at org.testng.TestNG.runSuitesSequentially(TestNG.java:1280)
	at org.testng.TestNG.runSuitesLocally(TestNG.java:1200)
	at org.testng.TestNG.runSuites(TestNG.java:1114)
	at org.testng.TestNG.run(TestNG.java:1082)
	at org.apache.maven.surefire.testng.TestNGExecutor.run(TestNGExecutor.java:155)
	at org.apache.maven.surefire.testng.TestNGDirectoryTestSuite.executeMulti(TestNGDirectoryTestSuite.java:169)
	at org.apache.maven.surefire.testng.TestNGDirectoryTestSuite.execute(TestNGDirectoryTestSuite.java:88)
	at org.apache.maven.surefire.testng.TestNGProvider.invoke(TestNGProvider.java:137)
	at org.apache.maven.surefire.booter.ForkedBooter.runSuitesInProcess(ForkedBooter.java:385)
	at org.apache.maven.surefire.booter.ForkedBooter.execute(ForkedBooter.java:162)
	at org.apache.maven.surefire.booter.ForkedBooter.run(ForkedBooter.java:507)
	at org.apache.maven.surefire.booter.ForkedBooter.main(ForkedBooter.java:495)

tests.FtdMainframeTest.TC003_AccountInquiry[TC003, Account inquiry for checking, BOAUSER1, P@ssword1, 1234567890, CHK, 5000.00, ACTIVE](1) -- Time elapsed: 0.029 s <<< FAILURE!
com.hp.lft.sdk.GeneralReplayException: Attempted to read or write protected memory. This is often an indication that other memory is corrupt.
	at com.hp.lft.sdk.internal.ReplayExceptionFactory$11.create(ReplayExceptionFactory.java:95)
	at com.hp.lft.sdk.internal.ReplayExceptionFactory.createOrDefault(ReplayExceptionFactory.java:289)
	at com.hp.lft.sdk.internal.ReplayExceptionFactory.createOrDefault(ReplayExceptionFactory.java:22)
	at com.hp.lft.sdk.internal.TestObjectExecuterBehaviorBase$ReplayErrorHandler.onError(TestObjectExecuterBehaviorBase.java:65)
	at com.hp.lft.sdk.internal.CommunicationClientImpl.handleError(CommunicationClientImpl.java:232)
	at com.hp.lft.sdk.internal.CommunicationClientImpl.send(CommunicationClientImpl.java:100)
	at com.hp.lft.sdk.internal.TestObjectExecuterBehavior.executeMethod(TestObjectExecuter.java:44)
	at com.hp.lft.sdk.internal.TestObjectBase.executeMethod(TestObjectBase.java:131)
	at com.hp.lft.sdk.internal.TestObjectBase$2.invoke(TestObjectBase.java:108)
	at com.hp.lft.sdk.internal.TestObjectBase$2.invoke(TestObjectBase.java:105)
	at com.hp.lft.sdk.internal.TestObjectOperationWrapper.executeWithEvents(TestObjectOperationWrapper.java:120)
	at com.hp.lft.sdk.internal.TestObjectBase.exists(TestObjectBase.java:111)
	at com.hp.lft.sdk.internal.TestObjectBase.waitUntilExists(TestObjectBase.java:435)
	at libraries.TerminalHelper.waitForScreen(TerminalHelper.java:15)
	at libraries.TerminalHelper.login(TerminalHelper.java:34)
	at tests.FtdMainframeTest.TC003_AccountInquiry(FtdMainframeTest.java:45)
	at java.base/jdk.internal.reflect.NativeMethodAccessorImpl.invoke0(Native Method)
	at java.base/jdk.internal.reflect.NativeMethodAccessorImpl.invoke(NativeMethodAccessorImpl.java:77)
	at java.base/jdk.internal.reflect.DelegatingMethodAccessorImpl.invoke(DelegatingMethodAccessorImpl.java:43)
	at java.base/java.lang.reflect.Method.invoke(Method.java:568)
	at org.testng.internal.invokers.MethodInvocationHelper.invokeMethod(MethodInvocationHelper.java:139)
	at org.testng.internal.invokers.TestInvoker.invokeMethod(TestInvoker.java:664)
	at org.testng.internal.invokers.TestInvoker.invokeTestMethod(TestInvoker.java:227)
	at org.testng.internal.invokers.MethodRunner.runInSequence(MethodRunner.java:50)
	at org.testng.internal.invokers.TestInvoker$MethodInvocationAgent.invoke(TestInvoker.java:957)
	at org.testng.internal.invokers.TestInvoker.invokeTestMethods(TestInvoker.java:200)
	at org.testng.internal.invokers.TestMethodWorker.invokeTestMethods(TestMethodWorker.java:148)
	at org.testng.internal.invokers.TestMethodWorker.run(TestMethodWorker.java:128)
	at java.base/java.util.ArrayList.forEach(ArrayList.java:1511)
	at org.testng.TestRunner.privateRun(TestRunner.java:848)
	at org.testng.TestRunner.run(TestRunner.java:621)
	at org.testng.SuiteRunner.runTest(SuiteRunner.java:443)
	at org.testng.SuiteRunner.runSequentially(SuiteRunner.java:437)
	at org.testng.SuiteRunner.privateRun(SuiteRunner.java:397)
	at org.testng.SuiteRunner.run(SuiteRunner.java:336)
	at org.testng.SuiteRunnerWorker.runSuite(SuiteRunnerWorker.java:52)
	at org.testng.SuiteRunnerWorker.run(SuiteRunnerWorker.java:95)
	at org.testng.TestNG.runSuitesSequentially(TestNG.java:1280)
	at org.testng.TestNG.runSuitesLocally(TestNG.java:1200)
	at org.testng.TestNG.runSuites(TestNG.java:1114)
	at org.testng.TestNG.run(TestNG.java:1082)
	at org.apache.maven.surefire.testng.TestNGExecutor.run(TestNGExecutor.java:155)
	at org.apache.maven.surefire.testng.TestNGDirectoryTestSuite.executeMulti(TestNGDirectoryTestSuite.java:169)
	at org.apache.maven.surefire.testng.TestNGDirectoryTestSuite.execute(TestNGDirectoryTestSuite.java:88)
	at org.apache.maven.surefire.testng.TestNGProvider.invoke(TestNGProvider.java:137)
	at org.apache.maven.surefire.booter.ForkedBooter.runSuitesInProcess(ForkedBooter.java:385)
	at org.apache.maven.surefire.booter.ForkedBooter.execute(ForkedBooter.java:162)
	at org.apache.maven.surefire.booter.ForkedBooter.run(ForkedBooter.java:507)
	at org.apache.maven.surefire.booter.ForkedBooter.main(ForkedBooter.java:495)

tests.FtdMainframeTest.TC005_FundsTransfer[TC005, Transfer funds between accounts, BOAUSER1, P@ssword1, 1234567890, 0987654321, 500.00, USD, SUCCESSFUL](1) -- Time elapsed: 0.046 s <<< FAILURE!
com.hp.lft.sdk.GeneralReplayException: Attempted to read or write protected memory. This is often an indication that other memory is corrupt.
	at com.hp.lft.sdk.internal.ReplayExceptionFactory$11.create(ReplayExceptionFactory.java:95)
	at com.hp.lft.sdk.internal.ReplayExceptionFactory.createOrDefault(ReplayExceptionFactory.java:289)
	at com.hp.lft.sdk.internal.ReplayExceptionFactory.createOrDefault(ReplayExceptionFactory.java:22)
	at com.hp.lft.sdk.internal.TestObjectExecuterBehaviorBase$ReplayErrorHandler.onError(TestObjectExecuterBehaviorBase.java:65)
	at com.hp.lft.sdk.internal.CommunicationClientImpl.handleError(CommunicationClientImpl.java:232)
	at com.hp.lft.sdk.internal.CommunicationClientImpl.send(CommunicationClientImpl.java:100)
	at com.hp.lft.sdk.internal.TestObjectExecuterBehavior.executeMethod(TestObjectExecuter.java:44)
	at com.hp.lft.sdk.internal.TestObjectBase.executeMethod(TestObjectBase.java:131)
	at com.hp.lft.sdk.internal.TestObjectBase$2.invoke(TestObjectBase.java:108)
	at com.hp.lft.sdk.internal.TestObjectBase$2.invoke(TestObjectBase.java:105)
	at com.hp.lft.sdk.internal.TestObjectOperationWrapper.executeWithEvents(TestObjectOperationWrapper.java:120)
	at com.hp.lft.sdk.internal.TestObjectBase.exists(TestObjectBase.java:111)
	at com.hp.lft.sdk.internal.TestObjectBase.waitUntilExists(TestObjectBase.java:435)
	at libraries.TerminalHelper.waitForScreen(TerminalHelper.java:15)
	at libraries.TerminalHelper.login(TerminalHelper.java:34)
	at tests.FtdMainframeTest.TC005_FundsTransfer(FtdMainframeTest.java:61)
	at java.base/jdk.internal.reflect.NativeMethodAccessorImpl.invoke0(Native Method)
	at java.base/jdk.internal.reflect.NativeMethodAccessorImpl.invoke(NativeMethodAccessorImpl.java:77)
	at java.base/jdk.internal.reflect.DelegatingMethodAccessorImpl.invoke(DelegatingMethodAccessorImpl.java:43)
	at java.base/java.lang.reflect.Method.invoke(Method.java:568)
	at org.testng.internal.invokers.MethodInvocationHelper.invokeMethod(MethodInvocationHelper.java:139)
	at org.testng.internal.invokers.TestInvoker.invokeMethod(TestInvoker.java:664)
	at org.testng.internal.invokers.TestInvoker.invokeTestMethod(TestInvoker.java:227)
	at org.testng.internal.invokers.MethodRunner.runInSequence(MethodRunner.java:50)
	at org.testng.internal.invokers.TestInvoker$MethodInvocationAgent.invoke(TestInvoker.java:957)
	at org.testng.internal.invokers.TestInvoker.invokeTestMethods(TestInvoker.java:200)
	at org.testng.internal.invokers.TestMethodWorker.invokeTestMethods(TestMethodWorker.java:148)
	at org.testng.internal.invokers.TestMethodWorker.run(TestMethodWorker.java:128)
	at java.base/java.util.ArrayList.forEach(ArrayList.java:1511)
	at org.testng.TestRunner.privateRun(TestRunner.java:848)
	at org.testng.TestRunner.run(TestRunner.java:621)
	at org.testng.SuiteRunner.runTest(SuiteRunner.java:443)
	at org.testng.SuiteRunner.runSequentially(SuiteRunner.java:437)
	at org.testng.SuiteRunner.privateRun(SuiteRunner.java:397)
	at org.testng.SuiteRunner.run(SuiteRunner.java:336)
	at org.testng.SuiteRunnerWorker.runSuite(SuiteRunnerWorker.java:52)
	at org.testng.SuiteRunnerWorker.run(SuiteRunnerWorker.java:95)
	at org.testng.TestNG.runSuitesSequentially(TestNG.java:1280)
	at org.testng.TestNG.runSuitesLocally(TestNG.java:1200)
	at org.testng.TestNG.runSuites(TestNG.java:1114)
	at org.testng.TestNG.run(TestNG.java:1082)
	at org.apache.maven.surefire.testng.TestNGExecutor.run(TestNGExecutor.java:155)
	at org.apache.maven.surefire.testng.TestNGDirectoryTestSuite.executeMulti(TestNGDirectoryTestSuite.java:169)
	at org.apache.maven.surefire.testng.TestNGDirectoryTestSuite.execute(TestNGDirectoryTestSuite.java:88)
	at org.apache.maven.surefire.testng.TestNGProvider.invoke(TestNGProvider.java:137)
	at org.apache.maven.surefire.booter.ForkedBooter.runSuitesInProcess(ForkedBooter.java:385)
	at org.apache.maven.surefire.booter.ForkedBooter.execute(ForkedBooter.java:162)
	at org.apache.maven.surefire.booter.ForkedBooter.run(ForkedBooter.java:507)
	at org.apache.maven.surefire.booter.ForkedBooter.main(ForkedBooter.java:495)

