<?xml version="1.0" encoding="UTF-8"?>
<testng-results ignored="0" total="4" passed="0" failed="4" skipped="0">
  <reporter-output>
  </reporter-output>
  <suite started-at="2026-04-21T18:45:19 IST" name="Surefire suite" finished-at="2026-04-21T18:45:20 IST" duration-ms="548">
    <groups>
    </groups>
    <test started-at="2026-04-21T18:45:19 IST" name="Surefire test" finished-at="2026-04-21T18:45:20 IST" duration-ms="548">
      <class name="tests.FtdMainframeTest">
        <test-method is-config="true" signature="setupSuite()[pri:0, instance:tests.FtdMainframeTest@5db250b4]" started-at="2026-04-21T18:45:19 IST" name="setupSuite" finished-at="2026-04-21T18:45:19 IST" duration-ms="464" status="PASS">
          <reporter-output>
          </reporter-output>
        </test-method> <!-- setupSuite -->
        <test-method is-config="true" signature="setupTest()[pri:0, instance:tests.FtdMainframeTest@5db250b4]" started-at="2026-04-21T18:45:19 IST" name="setupTest" finished-at="2026-04-21T18:45:19 IST" duration-ms="222" status="PASS">
          <reporter-output>
          </reporter-output>
        </test-method> <!-- setupTest -->
        <test-method signature="TC001_ValidLogin(java.lang.String,java.lang.String,java.lang.String,java.lang.String,java.lang.String)[pri:0, instance:tests.FtdMainframeTest@5db250b4]" started-at="2026-04-21T18:45:19 IST" name="TC001_ValidLogin" data-provider="ValidLoginData" finished-at="2026-04-21T18:45:20 IST" duration-ms="168" status="FAIL">
          <params>
            <param index="0">
              <value>
                <![CDATA[TC001]]>
              </value>
            </param>
            <param index="1">
              <value>
                <![CDATA[Valid login to mainframe]]>
              </value>
            </param>
            <param index="2">
              <value>
                <![CDATA[BOAUSER1]]>
              </value>
            </param>
            <param index="3">
              <value>
                <![CDATA[P@ssword1]]>
              </value>
            </param>
            <param index="4">
              <value>
                <![CDATA[MAIN MENU]]>
              </value>
            </param>
          </params>
          <exception class="com.hp.lft.sdk.GeneralReplayException">
            <message>
              <![CDATA[Attempted to read or write protected memory. This is often an indication that other memory is corrupt.]]>
            </message>
            <full-stacktrace>
              <![CDATA[com.hp.lft.sdk.GeneralReplayException: Attempted to read or write protected memory. This is often an indication that other memory is corrupt.
at com.hp.lft.sdk.internal.ReplayExceptionFactory$11.create(ReplayExceptionFactory.java:95)
at com.hp.lft.sdk.internal.ReplayExceptionFactory.createOrDefault(ReplayExceptionFactory.java:289)
at com.hp.lft.sdk.internal.ReplayExceptionFactory.createOrDefault(ReplayExceptionFactory.java:22)
at com.hp.lft.sdk.internal.TestObjectExecuterBehaviorBase$ReplayErrorHandler.onError(TestObjectExecuterBehaviorBase.java:65)
at com.hp.lft.sdk.internal.CommunicationClientImpl.handleError(CommunicationClientImpl.java:232)
at com.hp.lft.sdk.internal.CommunicationClientImpl.send(CommunicationClientImpl.java:100)
at com.hp.lft.sdk.internal.TestObjectExecuterBehavior.executeMethod(TestObjectExecuter.java:44)
at com.hp.lft.sdk.internal.TestObjectBase.executeMethod(TestObjectBase.java:131)
at com.hp.lft.sdk.internal.TestObjectBase$2.invoke(TestObjectBase.java:108)
at com.hp.lft.sdk.internal.TestObjectBase$2.invoke(TestObjectBase.java:105)
at com.hp.lft.sdk.internal.TestObjectOperationWrapper.executeWithEvents(TestObjectOperationWrapper.java:120)
at com.hp.lft.sdk.internal.TestObjectBase.exists(TestObjectBase.java:111)
at com.hp.lft.sdk.internal.TestObjectBase.waitUntilExists(TestObjectBase.java:435)
at libraries.TerminalHelper.waitForScreen(TerminalHelper.java:15)
at libraries.TerminalHelper.login(TerminalHelper.java:34)
at tests.FtdMainframeTest.TC001_ValidLogin(FtdMainframeTest.java:20)
at java.base/jdk.internal.reflect.NativeMethodAccessorImpl.invoke0(Native Method)
at java.base/jdk.internal.reflect.NativeMethodAccessorImpl.invoke(NativeMethodAccessorImpl.java:77)
at java.base/jdk.internal.reflect.DelegatingMethodAccessorImpl.invoke(DelegatingMethodAccessorImpl.java:43)
at java.base/java.lang.reflect.Method.invoke(Method.java:568)
at org.testng.internal.invokers.MethodInvocationHelper.invokeMethod(MethodInvocationHelper.java:139)
at org.testng.internal.invokers.TestInvoker.invokeMethod(TestInvoker.java:664)
at org.testng.internal.invokers.TestInvoker.invokeTestMethod(TestInvoker.java:227)
at org.testng.internal.invokers.MethodRunner.runInSequence(MethodRunner.java:50)
at org.testng.internal.invokers.TestInvoker$MethodInvocationAgent.invoke(TestInvoker.java:957)
at org.testng.internal.invokers.TestInvoker.invokeTestMethods(TestInvoker.java:200)
at org.testng.internal.invokers.TestMethodWorker.invokeTestMethods(TestMethodWorker.java:148)
at org.testng.internal.invokers.TestMethodWorker.run(TestMethodWorker.java:128)
at java.base/java.util.ArrayList.forEach(ArrayList.java:1511)
at org.testng.TestRunner.privateRun(TestRunner.java:848)
at org.testng.TestRunner.run(TestRunner.java:621)
at org.testng.SuiteRunner.runTest(SuiteRunner.java:443)
at org.testng.SuiteRunner.runSequentially(SuiteRunner.java:437)
at org.testng.SuiteRunner.privateRun(SuiteRunner.java:397)
at org.testng.SuiteRunner.run(SuiteRunner.java:336)
at org.testng.SuiteRunnerWorker.runSuite(SuiteRunnerWorker.java:52)
at org.testng.SuiteRunnerWorker.run(SuiteRunnerWorker.java:95)
at org.testng.TestNG.runSuitesSequentially(TestNG.java:1280)
at org.testng.TestNG.runSuitesLocally(TestNG.java:1200)
at org.testng.TestNG.runSuites(TestNG.java:1114)
at org.testng.TestNG.run(TestNG.java:1082)
at org.apache.maven.surefire.testng.TestNGExecutor.run(TestNGExecutor.java:155)
at org.apache.maven.surefire.testng.TestNGDirectoryTestSuite.executeMulti(TestNGDirectoryTestSuite.java:169)
at org.apache.maven.surefire.testng.TestNGDirectoryTestSuite.execute(TestNGDirectoryTestSuite.java:88)
at org.apache.maven.surefire.testng.TestNGProvider.invoke(TestNGProvider.java:137)
at org.apache.maven.surefire.booter.ForkedBooter.runSuitesInProcess(ForkedBooter.java:385)
at org.apache.maven.surefire.booter.ForkedBooter.execute(ForkedBooter.java:162)
at org.apache.maven.surefire.booter.ForkedBooter.run(ForkedBooter.java:507)
at org.apache.maven.surefire.booter.ForkedBooter.main(ForkedBooter.java:495)
]]>
            </full-stacktrace>
          </exception> <!-- com.hp.lft.sdk.GeneralReplayException -->
          <reporter-output>
          </reporter-output>
        </test-method> <!-- TC001_ValidLogin -->
        <test-method is-config="true" signature="teardownTest()[pri:0, instance:tests.FtdMainframeTest@5db250b4]" started-at="2026-04-21T18:45:20 IST" name="teardownTest" finished-at="2026-04-21T18:45:20 IST" duration-ms="0" status="PASS">
          <reporter-output>
          </reporter-output>
        </test-method> <!-- teardownTest -->
        <test-method is-config="true" signature="setupTest()[pri:0, instance:tests.FtdMainframeTest@5db250b4]" started-at="2026-04-21T18:45:20 IST" name="setupTest" finished-at="2026-04-21T18:45:20 IST" duration-ms="1" status="PASS">
          <reporter-output>
          </reporter-output>
        </test-method> <!-- setupTest -->
        <test-method signature="TC002_InvalidLogin(java.lang.String,java.lang.String,java.lang.String,java.lang.String,java.lang.String)[pri:0, instance:tests.FtdMainframeTest@5db250b4]" started-at="2026-04-21T18:45:20 IST" name="TC002_InvalidLogin" data-provider="InvalidLoginData" finished-at="2026-04-21T18:45:20 IST" duration-ms="25" status="FAIL">
          <params>
            <param index="0">
              <value>
                <![CDATA[TC002]]>
              </value>
            </param>
            <param index="1">
              <value>
                <![CDATA[Invalid login – wrong password]]>
              </value>
            </param>
            <param index="2">
              <value>
                <![CDATA[BOAUSER1]]>
              </value>
            </param>
            <param index="3">
              <value>
                <![CDATA[WRONGPWD]]>
              </value>
            </param>
            <param index="4">
              <value>
                <![CDATA[INVALID]]>
              </value>
            </param>
          </params>
          <exception class="com.hp.lft.sdk.GeneralReplayException">
            <message>
              <![CDATA[Attempted to read or write protected memory. This is often an indication that other memory is corrupt.]]>
            </message>
            <full-stacktrace>
              <![CDATA[com.hp.lft.sdk.GeneralReplayException: Attempted to read or write protected memory. This is often an indication that other memory is corrupt.
at com.hp.lft.sdk.internal.ReplayExceptionFactory$11.create(ReplayExceptionFactory.java:95)
at com.hp.lft.sdk.internal.ReplayExceptionFactory.createOrDefault(ReplayExceptionFactory.java:289)
at com.hp.lft.sdk.internal.ReplayExceptionFactory.createOrDefault(ReplayExceptionFactory.java:22)
at com.hp.lft.sdk.internal.TestObjectExecuterBehaviorBase$ReplayErrorHandler.onError(TestObjectExecuterBehaviorBase.java:65)
at com.hp.lft.sdk.internal.CommunicationClientImpl.handleError(CommunicationClientImpl.java:232)
at com.hp.lft.sdk.internal.CommunicationClientImpl.send(CommunicationClientImpl.java:100)
at com.hp.lft.sdk.internal.TestObjectExecuterBehavior.executeMethod(TestObjectExecuter.java:44)
at com.hp.lft.sdk.internal.TestObjectBase.executeMethod(TestObjectBase.java:131)
at com.hp.lft.sdk.internal.TestObjectBase$2.invoke(TestObjectBase.java:108)
at com.hp.lft.sdk.internal.TestObjectBase$2.invoke(TestObjectBase.java:105)
at com.hp.lft.sdk.internal.TestObjectOperationWrapper.executeWithEvents(TestObjectOperationWrapper.java:120)
at com.hp.lft.sdk.internal.TestObjectBase.exists(TestObjectBase.java:111)
at com.hp.lft.sdk.internal.TestObjectBase.waitUntilExists(TestObjectBase.java:435)
at libraries.TerminalHelper.waitForScreen(TerminalHelper.java:15)
at libraries.TerminalHelper.login(TerminalHelper.java:34)
at tests.FtdMainframeTest.TC002_InvalidLogin(FtdMainframeTest.java:31)
at java.base/jdk.internal.reflect.NativeMethodAccessorImpl.invoke0(Native Method)
at java.base/jdk.internal.reflect.NativeMethodAccessorImpl.invoke(NativeMethodAccessorImpl.java:77)
at java.base/jdk.internal.reflect.DelegatingMethodAccessorImpl.invoke(DelegatingMethodAccessorImpl.java:43)
at java.base/java.lang.reflect.Method.invoke(Method.java:568)
at org.testng.internal.invokers.MethodInvocationHelper.invokeMethod(MethodInvocationHelper.java:139)
at org.testng.internal.invokers.TestInvoker.invokeMethod(TestInvoker.java:664)
at org.testng.internal.invokers.TestInvoker.invokeTestMethod(TestInvoker.java:227)
at org.testng.internal.invokers.MethodRunner.runInSequence(MethodRunner.java:50)
at org.testng.internal.invokers.TestInvoker$MethodInvocationAgent.invoke(TestInvoker.java:957)
at org.testng.internal.invokers.TestInvoker.invokeTestMethods(TestInvoker.java:200)
at org.testng.internal.invokers.TestMethodWorker.invokeTestMethods(TestMethodWorker.java:148)
at org.testng.internal.invokers.TestMethodWorker.run(TestMethodWorker.java:128)
at java.base/java.util.ArrayList.forEach(ArrayList.java:1511)
at org.testng.TestRunner.privateRun(TestRunner.java:848)
at org.testng.TestRunner.run(TestRunner.java:621)
at org.testng.SuiteRunner.runTest(SuiteRunner.java:443)
at org.testng.SuiteRunner.runSequentially(SuiteRunner.java:437)
at org.testng.SuiteRunner.privateRun(SuiteRunner.java:397)
at org.testng.SuiteRunner.run(SuiteRunner.java:336)
at org.testng.SuiteRunnerWorker.runSuite(SuiteRunnerWorker.java:52)
at org.testng.SuiteRunnerWorker.run(SuiteRunnerWorker.java:95)
at org.testng.TestNG.runSuitesSequentially(TestNG.java:1280)
at org.testng.TestNG.runSuitesLocally(TestNG.java:1200)
at org.testng.TestNG.runSuites(TestNG.java:1114)
at org.testng.TestNG.run(TestNG.java:1082)
at org.apache.maven.surefire.testng.TestNGExecutor.run(TestNGExecutor.java:155)
at org.apache.maven.surefire.testng.TestNGDirectoryTestSuite.executeMulti(TestNGDirectoryTestSuite.java:169)
at org.apache.maven.surefire.testng.TestNGDirectoryTestSuite.execute(TestNGDirectoryTestSuite.java:88)
at org.apache.maven.surefire.testng.TestNGProvider.invoke(TestNGProvider.java:137)
at org.apache.maven.surefire.booter.ForkedBooter.runSuitesInProcess(ForkedBooter.java:385)
at org.apache.maven.surefire.booter.ForkedBooter.execute(ForkedBooter.java:162)
at org.apache.maven.surefire.booter.ForkedBooter.run(ForkedBooter.java:507)
at org.apache.maven.surefire.booter.ForkedBooter.main(ForkedBooter.java:495)
]]>
            </full-stacktrace>
          </exception> <!-- com.hp.lft.sdk.GeneralReplayException -->
          <reporter-output>
          </reporter-output>
        </test-method> <!-- TC002_InvalidLogin -->
        <test-method is-config="true" signature="teardownTest()[pri:0, instance:tests.FtdMainframeTest@5db250b4]" started-at="2026-04-21T18:45:20 IST" name="teardownTest" finished-at="2026-04-21T18:45:20 IST" duration-ms="1" status="PASS">
          <reporter-output>
          </reporter-output>
        </test-method> <!-- teardownTest -->
        <test-method signature="TC003_AccountInquiry(java.lang.String,java.lang.String,java.lang.String,java.lang.String,java.lang.String,java.lang.String,java.lang.String,java.lang.String)[pri:0, instance:tests.FtdMainframeTest@5db250b4]" started-at="2026-04-21T18:45:20 IST" name="TC003_AccountInquiry" data-provider="AccountInquiryData" finished-at="2026-04-21T18:45:20 IST" duration-ms="28" status="FAIL">
          <params>
            <param index="0">
              <value>
                <![CDATA[TC003]]>
              </value>
            </param>
            <param index="1">
              <value>
                <![CDATA[Account inquiry for checking]]>
              </value>
            </param>
            <param index="2">
              <value>
                <![CDATA[BOAUSER1]]>
              </value>
            </param>
            <param index="3">
              <value>
                <![CDATA[P@ssword1]]>
              </value>
            </param>
            <param index="4">
              <value>
                <![CDATA[1234567890]]>
              </value>
            </param>
            <param index="5">
              <value>
                <![CDATA[CHK]]>
              </value>
            </param>
            <param index="6">
              <value>
                <![CDATA[5000.00]]>
              </value>
            </param>
            <param index="7">
              <value>
                <![CDATA[ACTIVE]]>
              </value>
            </param>
          </params>
          <exception class="com.hp.lft.sdk.GeneralReplayException">
            <message>
              <![CDATA[Attempted to read or write protected memory. This is often an indication that other memory is corrupt.]]>
            </message>
            <full-stacktrace>
              <![CDATA[com.hp.lft.sdk.GeneralReplayException: Attempted to read or write protected memory. This is often an indication that other memory is corrupt.
at com.hp.lft.sdk.internal.ReplayExceptionFactory$11.create(ReplayExceptionFactory.java:95)
at com.hp.lft.sdk.internal.ReplayExceptionFactory.createOrDefault(ReplayExceptionFactory.java:289)
at com.hp.lft.sdk.internal.ReplayExceptionFactory.createOrDefault(ReplayExceptionFactory.java:22)
at com.hp.lft.sdk.internal.TestObjectExecuterBehaviorBase$ReplayErrorHandler.onError(TestObjectExecuterBehaviorBase.java:65)
at com.hp.lft.sdk.internal.CommunicationClientImpl.handleError(CommunicationClientImpl.java:232)
at com.hp.lft.sdk.internal.CommunicationClientImpl.send(CommunicationClientImpl.java:100)
at com.hp.lft.sdk.internal.TestObjectExecuterBehavior.executeMethod(TestObjectExecuter.java:44)
at com.hp.lft.sdk.internal.TestObjectBase.executeMethod(TestObjectBase.java:131)
at com.hp.lft.sdk.internal.TestObjectBase$2.invoke(TestObjectBase.java:108)
at com.hp.lft.sdk.internal.TestObjectBase$2.invoke(TestObjectBase.java:105)
at com.hp.lft.sdk.internal.TestObjectOperationWrapper.executeWithEvents(TestObjectOperationWrapper.java:120)
at com.hp.lft.sdk.internal.TestObjectBase.exists(TestObjectBase.java:111)
at com.hp.lft.sdk.internal.TestObjectBase.waitUntilExists(TestObjectBase.java:435)
at libraries.TerminalHelper.waitForScreen(TerminalHelper.java:15)
at libraries.TerminalHelper.login(TerminalHelper.java:34)
at tests.FtdMainframeTest.TC003_AccountInquiry(FtdMainframeTest.java:45)
at java.base/jdk.internal.reflect.NativeMethodAccessorImpl.invoke0(Native Method)
at java.base/jdk.internal.reflect.NativeMethodAccessorImpl.invoke(NativeMethodAccessorImpl.java:77)
at java.base/jdk.internal.reflect.DelegatingMethodAccessorImpl.invoke(DelegatingMethodAccessorImpl.java:43)
at java.base/java.lang.reflect.Method.invoke(Method.java:568)
at org.testng.internal.invokers.MethodInvocationHelper.invokeMethod(MethodInvocationHelper.java:139)
at org.testng.internal.invokers.TestInvoker.invokeMethod(TestInvoker.java:664)
at org.testng.internal.invokers.TestInvoker.invokeTestMethod(TestInvoker.java:227)
at org.testng.internal.invokers.MethodRunner.runInSequence(MethodRunner.java:50)
at org.testng.internal.invokers.TestInvoker$MethodInvocationAgent.invoke(TestInvoker.java:957)
at org.testng.internal.invokers.TestInvoker.invokeTestMethods(TestInvoker.java:200)
at org.testng.internal.invokers.TestMethodWorker.invokeTestMethods(TestMethodWorker.java:148)
at org.testng.internal.invokers.TestMethodWorker.run(TestMethodWorker.java:128)
at java.base/java.util.ArrayList.forEach(ArrayList.java:1511)
at org.testng.TestRunner.privateRun(TestRunner.java:848)
at org.testng.TestRunner.run(TestRunner.java:621)
at org.testng.SuiteRunner.runTest(SuiteRunner.java:443)
at org.testng.SuiteRunner.runSequentially(SuiteRunner.java:437)
at org.testng.SuiteRunner.privateRun(SuiteRunner.java:397)
at org.testng.SuiteRunner.run(SuiteRunner.java:336)
at org.testng.SuiteRunnerWorker.runSuite(SuiteRunnerWorker.java:52)
at org.testng.SuiteRunnerWorker.run(SuiteRunnerWorker.java:95)
at org.testng.TestNG.runSuitesSequentially(TestNG.java:1280)
at org.testng.TestNG.runSuitesLocally(TestNG.java:1200)
at org.testng.TestNG.runSuites(TestNG.java:1114)
at org.testng.TestNG.run(TestNG.java:1082)
at org.apache.maven.surefire.testng.TestNGExecutor.run(TestNGExecutor.java:155)
at org.apache.maven.surefire.testng.TestNGDirectoryTestSuite.executeMulti(TestNGDirectoryTestSuite.java:169)
at org.apache.maven.surefire.testng.TestNGDirectoryTestSuite.execute(TestNGDirectoryTestSuite.java:88)
at org.apache.maven.surefire.testng.TestNGProvider.invoke(TestNGProvider.java:137)
at org.apache.maven.surefire.booter.ForkedBooter.runSuitesInProcess(ForkedBooter.java:385)
at org.apache.maven.surefire.booter.ForkedBooter.execute(ForkedBooter.java:162)
at org.apache.maven.surefire.booter.ForkedBooter.run(ForkedBooter.java:507)
at org.apache.maven.surefire.booter.ForkedBooter.main(ForkedBooter.java:495)
]]>
            </full-stacktrace>
          </exception> <!-- com.hp.lft.sdk.GeneralReplayException -->
          <reporter-output>
          </reporter-output>
        </test-method> <!-- TC003_AccountInquiry -->
        <test-method is-config="true" signature="setupTest()[pri:0, instance:tests.FtdMainframeTest@5db250b4]" started-at="2026-04-21T18:45:20 IST" name="setupTest" finished-at="2026-04-21T18:45:20 IST" duration-ms="0" status="PASS">
          <reporter-output>
          </reporter-output>
        </test-method> <!-- setupTest -->
        <test-method is-config="true" signature="teardownTest()[pri:0, instance:tests.FtdMainframeTest@5db250b4]" started-at="2026-04-21T18:45:20 IST" name="teardownTest" finished-at="2026-04-21T18:45:20 IST" duration-ms="0" status="PASS">
          <reporter-output>
          </reporter-output>
        </test-method> <!-- teardownTest -->
        <test-method is-config="true" signature="setupTest()[pri:0, instance:tests.FtdMainframeTest@5db250b4]" started-at="2026-04-21T18:45:20 IST" name="setupTest" finished-at="2026-04-21T18:45:20 IST" duration-ms="1" status="PASS">
          <reporter-output>
          </reporter-output>
        </test-method> <!-- setupTest -->
        <test-method signature="TC005_FundsTransfer(java.lang.String,java.lang.String,java.lang.String,java.lang.String,java.lang.String,java.lang.String,java.lang.String,java.lang.String,java.lang.String)[pri:0, instance:tests.FtdMainframeTest@5db250b4]" started-at="2026-04-21T18:45:20 IST" name="TC005_FundsTransfer" data-provider="FundsTransferData" finished-at="2026-04-21T18:45:20 IST" duration-ms="43" status="FAIL">
          <params>
            <param index="0">
              <value>
                <![CDATA[TC005]]>
              </value>
            </param>
            <param index="1">
              <value>
                <![CDATA[Transfer funds between accounts]]>
              </value>
            </param>
            <param index="2">
              <value>
                <![CDATA[BOAUSER1]]>
              </value>
            </param>
            <param index="3">
              <value>
                <![CDATA[P@ssword1]]>
              </value>
            </param>
            <param index="4">
              <value>
                <![CDATA[1234567890]]>
              </value>
            </param>
            <param index="5">
              <value>
                <![CDATA[0987654321]]>
              </value>
            </param>
            <param index="6">
              <value>
                <![CDATA[500.00]]>
              </value>
            </param>
            <param index="7">
              <value>
                <![CDATA[USD]]>
              </value>
            </param>
            <param index="8">
              <value>
                <![CDATA[SUCCESSFUL]]>
              </value>
            </param>
          </params>
          <exception class="com.hp.lft.sdk.GeneralReplayException">
            <message>
              <![CDATA[Attempted to read or write protected memory. This is often an indication that other memory is corrupt.]]>
            </message>
            <full-stacktrace>
              <![CDATA[com.hp.lft.sdk.GeneralReplayException: Attempted to read or write protected memory. This is often an indication that other memory is corrupt.
at com.hp.lft.sdk.internal.ReplayExceptionFactory$11.create(ReplayExceptionFactory.java:95)
at com.hp.lft.sdk.internal.ReplayExceptionFactory.createOrDefault(ReplayExceptionFactory.java:289)
at com.hp.lft.sdk.internal.ReplayExceptionFactory.createOrDefault(ReplayExceptionFactory.java:22)
at com.hp.lft.sdk.internal.TestObjectExecuterBehaviorBase$ReplayErrorHandler.onError(TestObjectExecuterBehaviorBase.java:65)
at com.hp.lft.sdk.internal.CommunicationClientImpl.handleError(CommunicationClientImpl.java:232)
at com.hp.lft.sdk.internal.CommunicationClientImpl.send(CommunicationClientImpl.java:100)
at com.hp.lft.sdk.internal.TestObjectExecuterBehavior.executeMethod(TestObjectExecuter.java:44)
at com.hp.lft.sdk.internal.TestObjectBase.executeMethod(TestObjectBase.java:131)
at com.hp.lft.sdk.internal.TestObjectBase$2.invoke(TestObjectBase.java:108)
at com.hp.lft.sdk.internal.TestObjectBase$2.invoke(TestObjectBase.java:105)
at com.hp.lft.sdk.internal.TestObjectOperationWrapper.executeWithEvents(TestObjectOperationWrapper.java:120)
at com.hp.lft.sdk.internal.TestObjectBase.exists(TestObjectBase.java:111)
at com.hp.lft.sdk.internal.TestObjectBase.waitUntilExists(TestObjectBase.java:435)
at libraries.TerminalHelper.waitForScreen(TerminalHelper.java:15)
at libraries.TerminalHelper.login(TerminalHelper.java:34)
at tests.FtdMainframeTest.TC005_FundsTransfer(FtdMainframeTest.java:61)
at java.base/jdk.internal.reflect.NativeMethodAccessorImpl.invoke0(Native Method)
at java.base/jdk.internal.reflect.NativeMethodAccessorImpl.invoke(NativeMethodAccessorImpl.java:77)
at java.base/jdk.internal.reflect.DelegatingMethodAccessorImpl.invoke(DelegatingMethodAccessorImpl.java:43)
at java.base/java.lang.reflect.Method.invoke(Method.java:568)
at org.testng.internal.invokers.MethodInvocationHelper.invokeMethod(MethodInvocationHelper.java:139)
at org.testng.internal.invokers.TestInvoker.invokeMethod(TestInvoker.java:664)
at org.testng.internal.invokers.TestInvoker.invokeTestMethod(TestInvoker.java:227)
at org.testng.internal.invokers.MethodRunner.runInSequence(MethodRunner.java:50)
at org.testng.internal.invokers.TestInvoker$MethodInvocationAgent.invoke(TestInvoker.java:957)
at org.testng.internal.invokers.TestInvoker.invokeTestMethods(TestInvoker.java:200)
at org.testng.internal.invokers.TestMethodWorker.invokeTestMethods(TestMethodWorker.java:148)
at org.testng.internal.invokers.TestMethodWorker.run(TestMethodWorker.java:128)
at java.base/java.util.ArrayList.forEach(ArrayList.java:1511)
at org.testng.TestRunner.privateRun(TestRunner.java:848)
at org.testng.TestRunner.run(TestRunner.java:621)
at org.testng.SuiteRunner.runTest(SuiteRunner.java:443)
at org.testng.SuiteRunner.runSequentially(SuiteRunner.java:437)
at org.testng.SuiteRunner.privateRun(SuiteRunner.java:397)
at org.testng.SuiteRunner.run(SuiteRunner.java:336)
at org.testng.SuiteRunnerWorker.runSuite(SuiteRunnerWorker.java:52)
at org.testng.SuiteRunnerWorker.run(SuiteRunnerWorker.java:95)
at org.testng.TestNG.runSuitesSequentially(TestNG.java:1280)
at org.testng.TestNG.runSuitesLocally(TestNG.java:1200)
at org.testng.TestNG.runSuites(TestNG.java:1114)
at org.testng.TestNG.run(TestNG.java:1082)
at org.apache.maven.surefire.testng.TestNGExecutor.run(TestNGExecutor.java:155)
at org.apache.maven.surefire.testng.TestNGDirectoryTestSuite.executeMulti(TestNGDirectoryTestSuite.java:169)
at org.apache.maven.surefire.testng.TestNGDirectoryTestSuite.execute(TestNGDirectoryTestSuite.java:88)
at org.apache.maven.surefire.testng.TestNGProvider.invoke(TestNGProvider.java:137)
at org.apache.maven.surefire.booter.ForkedBooter.runSuitesInProcess(ForkedBooter.java:385)
at org.apache.maven.surefire.booter.ForkedBooter.execute(ForkedBooter.java:162)
at org.apache.maven.surefire.booter.ForkedBooter.run(ForkedBooter.java:507)
at org.apache.maven.surefire.booter.ForkedBooter.main(ForkedBooter.java:495)
]]>
            </full-stacktrace>
          </exception> <!-- com.hp.lft.sdk.GeneralReplayException -->
          <reporter-output>
          </reporter-output>
        </test-method> <!-- TC005_FundsTransfer -->
        <test-method is-config="true" signature="teardownTest()[pri:0, instance:tests.FtdMainframeTest@5db250b4]" started-at="2026-04-21T18:45:20 IST" name="teardownTest" finished-at="2026-04-21T18:45:20 IST" duration-ms="1" status="PASS">
          <reporter-output>
          </reporter-output>
        </test-method> <!-- teardownTest -->
        <test-method is-config="true" signature="teardownSuite()[pri:0, instance:tests.FtdMainframeTest@5db250b4]" started-at="2026-04-21T18:45:20 IST" name="teardownSuite" finished-at="2026-04-21T18:45:20 IST" duration-ms="7" status="PASS">
          <reporter-output>
          </reporter-output>
        </test-method> <!-- teardownSuite -->
      </class> <!-- tests.FtdMainframeTest -->
    </test> <!-- Surefire test -->
  </suite> <!-- Surefire suite -->
</testng-results>
